Cts 24 Ağu 2024 23:56:17 +03 tarihine kadar 7 tane script yazdin.
Paz 25 Ağu 2024 00:39:01 +03 tarihine kadar 8 tane script yazdin.
Paz 25 Ağu 2024 00:43:57 +03 tarihine kadar 8 tane script yazdin.
Paz 25 Ağu 2024 23:00:01 +03 tarihine kadar 13 tane script yazdin.
Paz 25 Ağu 2024 23:01:01 +03 tarihine kadar 13 tane script yazdin.
Paz 25 Ağu 2024 23:02:01 +03 tarihine kadar 13 tane script yazdin.
Paz 25 Ağu 2024 23:03:01 +03 tarihine kadar 13 tane script yazdin.
Paz 25 Ağu 2024 23:04:01 +03 tarihine kadar 13 tane script yazdin.
Paz 25 Ağu 2024 23:05:01 +03 tarihine kadar 13 tane script yazdin.
Paz 25 Ağu 2024 23:06:01 +03 tarihine kadar 13 tane script yazdin.
Paz 25 Ağu 2024 23:07:01 +03 tarihine kadar 13 tane script yazdin.
Paz 25 Ağu 2024 23:08:01 +03 tarihine kadar 13 tane script yazdin.
Paz 25 Ağu 2024 23:09:01 +03 tarihine kadar 13 tane script yazdin.
Paz 25 Ağu 2024 23:10:01 +03 tarihine kadar 13 tane script yazdin.
Paz 25 Ağu 2024 23:11:01 +03 tarihine kadar 13 tane script yazdin.
Paz 25 Ağu 2024 23:12:01 +03 tarihine kadar 13 tane script yazdin.
Paz 25 Ağu 2024 23:13:01 +03 tarihine kadar 13 tane script yazdin.
Paz 25 Ağu 2024 23:14:01 +03 tarihine kadar 14 tane script yazdin.
Paz 25 Ağu 2024 23:15:01 +03 tarihine kadar 14 tane script yazdin.
Paz 25 Ağu 2024 23:16:01 +03 tarihine kadar 13 tane script yazdin.
Paz 25 Ağu 2024 23:17:01 +03 tarihine kadar 13 tane script yazdin.
Paz 25 Ağu 2024 23:18:01 +03 tarihine kadar 13 tane script yazdin.
Paz 25 Ağu 2024 23:19:01 +03 tarihine kadar 13 tane script yazdin.
Paz 25 Ağu 2024 23:20:01 +03 tarihine kadar 13 tane script yazdin.
Paz 25 Ağu 2024 23:21:01 +03 tarihine kadar 13 tane script yazdin.
Paz 25 Ağu 2024 23:22:01 +03 tarihine kadar 13 tane script yazdin.
Paz 25 Ağu 2024 23:23:01 +03 tarihine kadar 13 tane script yazdin.
Paz 25 Ağu 2024 23:24:01 +03 tarihine kadar 13 tane script yazdin.
Paz 25 Ağu 2024 23:25:01 +03 tarihine kadar 13 tane script yazdin.
Paz 25 Ağu 2024 23:26:01 +03 tarihine kadar 13 tane script yazdin.
Paz 25 Ağu 2024 23:27:01 +03 tarihine kadar 13 tane script yazdin.
Paz 25 Ağu 2024 23:28:01 +03 tarihine kadar 13 tane script yazdin.
Paz 25 Ağu 2024 23:29:01 +03 tarihine kadar 13 tane script yazdin.
Paz 25 Ağu 2024 23:30:01 +03 tarihine kadar 13 tane script yazdin.
Paz 25 Ağu 2024 23:31:01 +03 tarihine kadar 13 tane script yazdin.
Paz 25 Ağu 2024 23:32:01 +03 tarihine kadar 13 tane script yazdin.
Paz 25 Ağu 2024 23:33:01 +03 tarihine kadar 13 tane script yazdin.
Paz 25 Ağu 2024 23:34:01 +03 tarihine kadar 13 tane script yazdin.
Paz 25 Ağu 2024 23:35:01 +03 tarihine kadar 13 tane script yazdin.
Paz 25 Ağu 2024 23:36:01 +03 tarihine kadar 13 tane script yazdin.
Paz 25 Ağu 2024 23:37:01 +03 tarihine kadar 13 tane script yazdin.
Paz 25 Ağu 2024 23:38:01 +03 tarihine kadar 13 tane script yazdin.
Paz 25 Ağu 2024 23:39:01 +03 tarihine kadar 13 tane script yazdin.
Paz 25 Ağu 2024 23:40:01 +03 tarihine kadar 13 tane script yazdin.
Paz 25 Ağu 2024 23:41:01 +03 tarihine kadar 14 tane script yazdin.
Paz 25 Ağu 2024 23:42:01 +03 tarihine kadar 14 tane script yazdin.
Paz 25 Ağu 2024 23:43:01 +03 tarihine kadar 14 tane script yazdin.
Paz 25 Ağu 2024 23:44:01 +03 tarihine kadar 14 tane script yazdin.
Paz 25 Ağu 2024 23:45:01 +03 tarihine kadar 14 tane script yazdin.
Paz 25 Ağu 2024 23:46:01 +03 tarihine kadar 14 tane script yazdin.
Paz 25 Ağu 2024 23:47:01 +03 tarihine kadar 14 tane script yazdin.
Paz 25 Ağu 2024 23:48:01 +03 tarihine kadar 14 tane script yazdin.
Paz 25 Ağu 2024 23:49:01 +03 tarihine kadar 14 tane script yazdin.
Paz 25 Ağu 2024 23:50:01 +03 tarihine kadar 15 tane script yazdin.
Paz 25 Ağu 2024 23:51:01 +03 tarihine kadar 14 tane script yazdin.
Paz 25 Ağu 2024 23:59:56 +03 tarihine kadar 14 tane script yazdin.
Pzt 26 Ağu 2024 00:00:42 +03 tarihine kadar 14 tane script yazdin.
Pzt 26 Ağu 2024 00:01:04 +03 tarihine kadar 14 tane script yazdin.
Pzt 26 Ağu 2024 00:01:57 +03 tarihine kadar 14 tane script yazdin.
Pzt 26 Ağu 2024 00:02:28 +03 tarihine kadar 14 tane script yazdin.
Sal 10 Eyl 2024 23:00:01 +03 tarihine kadar 14 tane script yazdin.
Prş 12 Eyl 2024 23:00:01 +03 tarihine kadar 14 tane script yazdin.
Çrş 18 Eyl 2024 23:00:01 +03 tarihine kadar 14 tane script yazdin.
Prş 19 Eyl 2024 23:00:01 +03 tarihine kadar 14 tane script yazdin.
Prş 26 Eyl 2024 23:00:01 +03 tarihine kadar 14 tane script yazdin.
Sal 01 Eki 2024 23:00:01 +03 tarihine kadar 14 tane script yazdin.
Cum 11 Eki 2024 23:00:01 +03 tarihine kadar 14 tane script yazdin.
Sal 05 Kas 2024 23:00:01 +03 tarihine kadar 14 tane script yazdin.
Prş 07 Kas 2024 23:00:01 +03 tarihine kadar 14 tane script yazdin.
Cum 08 Kas 2024 23:00:01 +03 tarihine kadar 14 tane script yazdin.
Sal 12 Kas 2024 23:00:01 +03 tarihine kadar 14 tane script yazdin.
Çrş 13 Kas 2024 23:00:01 +03 tarihine kadar 14 tane script yazdin.
Prş 14 Kas 2024 23:00:01 +03 tarihine kadar 14 tane script yazdin.
Sal 19 Kas 2024 23:00:01 +03 tarihine kadar 14 tane script yazdin.
Cts 07 Ara 2024 23:00:01 +03 tarihine kadar 14 tane script yazdin.
Cts 14 Ara 2024 23:00:01 +03 tarihine kadar 14 tane script yazdin.
Cts 04 Oca 2025 23:04:19 +03 tarihine kadar 14 tane script yazdin.
Paz 05 Oca 2025 23:00:01 +03 tarihine kadar 14 tane script yazdin.
Pzt 06 Oca 2025 23:00:01 +03 tarihine kadar 14 tane script yazdin.
Cts 11 Oca 2025 23:00:01 +03 tarihine kadar 14 tane script yazdin.
Prş 16 Oca 2025 23:00:01 +03 tarihine kadar 14 tane script yazdin.
